#
# There is insufficient memory for the Java Runtime Environment to continue.
# Native memory allocation (mmap) failed to map 65536 bytes for Failed to commit metaspace.
# Possible reasons:
#   The system is out of physical RAM or swap space
#   The process is running with CompressedOops enabled, and the Java Heap may be blocking the growth of the native heap
# Possible solutions:
#   Reduce memory load on the system
#   Increase physical memory or swap space
#   Check if swap backing store is full
#   Decrease Java heap size (-Xmx/-Xms)
#   Decrease number of Java threads
#   Decrease Java thread stack sizes (-Xss)
#   Set larger code cache with -XX:ReservedCodeCacheSize=
#   JVM is running with Zero Based Compressed Oops mode in which the Java heap is
#     placed in the first 32GB address space. The Java Heap base address is the
#     maximum limit for the native heap growth. Please use -XX:HeapBaseMinAddress
#     to set the Java Heap base and to place the Java Heap above 32GB virtual address.
# This output file may be truncated or incomplete.
#
#  Out of Memory Error (virtualSpaceNode.cpp:110), pid=17028, tid=444
#
# JRE version: OpenJDK Runtime Environment (18.0.1.1+2) (build 18.0.1.1+2-6)
# Java VM: OpenJDK 64-Bit Server VM (18.0.1.1+2-6, mixed mode, sharing, tiered, compressed oops, compressed class ptrs, g1 gc, windows-amd64)
# No core dump will be written. Minidumps are not enabled by default on client versions of Windows
#

---------------  S U M M A R Y ------------

Command Line: -javaagent:C:\Program Files\JetBrains\IntelliJ IDEA Community Edition 2022.1.1\lib\idea_rt.jar=53477:C:\Program Files\JetBrains\IntelliJ IDEA Community Edition 2022.1.1\bin -Dfile.encoding=UTF-8 com.sotnikov.server.ServerApplication

Host: AMD Athlon(tm) II X3 450 Processor, 3 cores, 9G,  Windows 10 , 64 bit Build 19041 (10.0.19041.1706)
Time: Thu Jun  2 19:14:35 2022 RTZ 2 (s 10 , 64 bit Build 19041 (10.0.19041.1706) elapsed time: 26.334770 seconds (0d 0h 0m 26s)

---------------  T H R E A D  ---------------

Current thread (0x000001e17f7580f0):  JavaThread "C1 CompilerThread0" daemon [_thread_in_vm, id=444, stack(0x000000c065300000,0x000000c065400000)]


Current CompileTask:
C1:  26334 2664       3       org.springframework.beans.factory.support.AbstractBeanDefinition::hasMethodOverrides (16 bytes)

Stack: [0x000000c065300000,0x000000c065400000]
Native frames: (J=compiled Java code, j=interpreted, Vv=VM code, C=native code)
V  [jvm.dll+0x69887a]
V  [jvm.dll+0x7f38bd]
V  [jvm.dll+0x7f51ce]
V  [jvm.dll+0x7f5883]
V  [jvm.dll+0x25ca3f]
V  [jvm.dll+0x7ef5cb]
V  [jvm.dll+0x63ea76]
V  [jvm.dll+0x1d721e]
V  [jvm.dll+0x64141b]
V  [jvm.dll+0x64121e]
V  [jvm.dll+0x63f43e]
V  [jvm.dll+0x650d9a]
V  [jvm.dll+0x649c8a]
V  [jvm.dll+0x1e4700]
V  [jvm.dll+0x1e48e6]
V  [jvm.dll+0x15add1]
V  [jvm.dll+0x15ac15]
V  [jvm.dll+0x15255e]
V  [jvm.dll+0x154b09]
V  [jvm.dll+0x152df4]
V  [jvm.dll+0x14cbd6]
V  [jvm.dll+0x15c7f6]
V  [jvm.dll+0x1482e0]
V  [jvm.dll+0x148640]
V  [jvm.dll+0x148926]
V  [jvm.dll+0x147d9a]
V  [jvm.dll+0x149a81]
V  [jvm.dll+0x23e8ca]
V  [jvm.dll+0x23cbb5]
V  [jvm.dll+0x7a5fb1]
V  [jvm.dll+0x7a03ea]
V  [jvm.dll+0x697725]
C  [ucrtbase.dll+0x21bb2]
C  [KERNEL32.DLL+0x17034]
C  [ntdll.dll+0x52651]


---------------  P R O C E S S  ---------------

Threads class SMR info:
_java_thread_list=0x000001e117f7a520, length=15, elements={
0x000001e1744e39a0, 0x000001e174596e80, 0x000001e174597ae0, 0x000001e17f74df90,
0x000001e17f74f850, 0x000001e17f7501f0, 0x000001e17f751330, 0x000001e17f7528e0,
0x000001e17f7580f0, 0x000001e17f7c1a60, 0x000001e17f968030, 0x000001e17fc9fbc0,
0x000001e17fca0500, 0x000001e117d7a030, 0x000001e117d993f0
}

Java Threads: ( => current thread )
  0x000001e1744e39a0 JavaThread "main" [_thread_blocked, id=15256, stack(0x000000c064500000,0x000000c064600000)]
  0x000001e174596e80 JavaThread "Reference Handler" daemon [_thread_blocked, id=16576, stack(0x000000c064c00000,0x000000c064d00000)]
  0x000001e174597ae0 JavaThread "Finalizer" daemon [_thread_blocked, id=17256, stack(0x000000c064d00000,0x000000c064e00000)]
  0x000001e17f74df90 JavaThread "Signal Dispatcher" daemon [_thread_blocked, id=11564, stack(0x000000c064e00000,0x000000c064f00000)]
  0x000001e17f74f850 JavaThread "Attach Listener" daemon [_thread_blocked, id=5800, stack(0x000000c064f00000,0x000000c065000000)]
  0x000001e17f7501f0 JavaThread "Service Thread" daemon [_thread_blocked, id=8260, stack(0x000000c065000000,0x000000c065100000)]
  0x000001e17f751330 JavaThread "Monitor Deflation Thread" daemon [_thread_blocked, id=11960, stack(0x000000c065100000,0x000000c065200000)]
  0x000001e17f7528e0 JavaThread "C2 CompilerThread0" daemon [_thread_blocked, id=19324, stack(0x000000c065200000,0x000000c065300000)]
=>0x000001e17f7580f0 JavaThread "C1 CompilerThread0" daemon [_thread_in_vm, id=444, stack(0x000000c065300000,0x000000c065400000)]
  0x000001e17f7c1a60 JavaThread "Sweeper thread" daemon [_thread_blocked, id=3936, stack(0x000000c065400000,0x000000c065500000)]
  0x000001e17f968030 JavaThread "Common-Cleaner" daemon [_thread_blocked, id=14736, stack(0x000000c065500000,0x000000c065600000)]
  0x000001e17fc9fbc0 JavaThread "Monitor Ctrl-Break" daemon [_thread_in_native, id=2644, stack(0x000000c065700000,0x000000c065800000)]
  0x000001e17fca0500 JavaThread "Notification Thread" daemon [_thread_blocked, id=12200, stack(0x000000c065800000,0x000000c065900000)]
  0x000001e117d7a030 JavaThread "Thread-0" [_thread_blocked, id=11220, stack(0x000000c065b00000,0x000000c065c00000)]
  0x000001e117d993f0 JavaThread "restartedMain" [_thread_in_vm, id=16660, stack(0x000000c065c00000,0x000000c065d00000)]

Other Threads:
  0x000001e1745922d0 VMThread "VM Thread" [stack: 0x000000c064b00000,0x000000c064c00000] [id=14952]
  0x000001e17fc72180 WatcherThread "VM Periodic Task Thread" [stack: 0x000000c065900000,0x000000c065a00000] [id=10044]
  0x000001e1745361e0 WorkerThread "GC Thread#0" [stack: 0x000000c064600000,0x000000c064700000] [id=15128]
  0x000001e17fcb5270 WorkerThread "GC Thread#1" [stack: 0x000000c065600000,0x000000c065700000] [id=19660]
  0x000001e17fcb5510 WorkerThread "GC Thread#2" [stack: 0x000000c065a00000,0x000000c065b00000] [id=19932]
  0x000001e174541110 ConcurrentGCThread "G1 Main Marker" [stack: 0x000000c064700000,0x000000c064800000] [id=14476]
  0x000001e174542b10 WorkerThread "G1 Conc#0" [stack: 0x000000c064800000,0x000000c064900000] [id=19996]
  0x000001e17456fce0 ConcurrentGCThread "G1 Refine#0" [stack: 0x000000c064900000,0x000000c064a00000] [id=7988]
  0x000001e1745705f0 ConcurrentGCThread "G1 Service" [stack: 0x000000c064a00000,0x000000c064b00000] [id=18200]

Threads with active compile tasks:
C1 CompilerThread0    26445 2664       3       org.springframework.beans.factory.support.AbstractBeanDefinition::hasMethodOverrides (16 bytes)

VM state: not at safepoint (normal execution)

VM Mutex/Monitor currently owned by a thread:  ([mutex/lock_event])
[0x000001e1723ad630] Metaspace_lock - owner thread: 0x000001e17f7580f0
[0x000001e1744dffd0] MethodData_lock - owner thread: 0x000001e17f7580f0

Heap address: 0x0000000760000000, size: 2560 MB, Compressed Oops mode: Zero based, Oop shift amount: 3

CDS archive(s) mapped at: [0x0000000800000000-0x0000000800b90000-0x0000000800b90000), size 12124160, SharedBaseAddress: 0x0000000800000000, ArchiveRelocationMode: 0.
Compressed class space mapped at: 0x0000000800c00000-0x0000000840c00000, reserved size: 1073741824
Narrow klass base: 0x0000000800000000, Narrow klass shift: 0, Narrow klass range: 0x100000000

GC Precious Log:
 CardTable entry size: 512
 Card Set container configuration: InlinePtr #cards 4 size 8 Array Of Cards #cards 16 size 48 Howl #buckets 8 coarsen threshold 3686 Howl Bitmap #cards 512 size 80 coarsen threshold 460 Card regions per heap region 1 cards per card region 4096
 CPUs: 3 total, 3 available
 Memory: 10239M
 Large Page Support: Disabled
 NUMA Support: Disabled
 Compressed Oops: Enabled (Zero based)
 Heap Region Size: 2M
 Heap Min Capacity: 8M
 Heap Initial Capacity: 160M
 Heap Max Capacity: 2560M
 Pre-touch: Disabled
 Parallel Workers: 3
 Concurrent Workers: 1
 Concurrent Refinement Workers: 3
 Periodic GC: Disabled

Heap:
 garbage-first heap   total 163840K, used 35116K [0x0000000760000000, 0x0000000800000000)
  region size 2048K, 18 young (36864K), 2 survivors (4096K)
 Metaspace       used 17534K, committed 17728K, reserved 1114112K
  class space    used 2071K, committed 2176K, reserved 1048576K

Heap Regions: E=young(eden), S=young(survivor), O=old, HS=humongous(starts), HC=humongous(continues), CS=collection set, F=free, OA=open archive, CA=closed archive, TAMS=top-at-mark-start (previous, next)
|   0|0x0000000760000000, 0x0000000760200000, 0x0000000760200000|100%| O|  |TAMS 0x0000000760000000, 0x0000000760000000| Untracked 
|   1|0x0000000760200000, 0x00000007603ed600, 0x0000000760400000| 96%| O|  |TAMS 0x0000000760200000, 0x0000000760200000| Untracked 
|   2|0x0000000760400000, 0x0000000760400000, 0x0000000760600000|  0%| F|  |TAMS 0x0000000760400000, 0x0000000760400000| Untracked 
|   3|0x0000000760600000, 0x0000000760600000, 0x0000000760800000|  0%| F|  |TAMS 0x0000000760600000, 0x0000000760600000| Untracked 
|   4|0x0000000760800000, 0x0000000760800000, 0x0000000760a00000|  0%| F|  |TAMS 0x0000000760800000, 0x0000000760800000| Untracked 
|   5|0x0000000760a00000, 0x0000000760a00000, 0x0000000760c00000|  0%| F|  |TAMS 0x0000000760a00000, 0x0000000760a00000| Untracked 
|   6|0x0000000760c00000, 0x0000000760c00000, 0x0000000760e00000|  0%| F|  |TAMS 0x0000000760c00000, 0x0000000760c00000| Untracked 
|   7|0x0000000760e00000, 0x0000000760e00000, 0x0000000761000000|  0%| F|  |TAMS 0x0000000760e00000, 0x0000000760e00000| Untracked 
|   8|0x0000000761000000, 0x0000000761000000, 0x0000000761200000|  0%| F|  |TAMS 0x0000000761000000, 0x0000000761000000| Untracked 
|   9|0x0000000761200000, 0x0000000761200000, 0x0000000761400000|  0%| F|  |TAMS 0x0000000761200000, 0x0000000761200000| Untracked 
|  10|0x0000000761400000, 0x0000000761400000, 0x0000000761600000|  0%| F|  |TAMS 0x0000000761400000, 0x0000000761400000| Untracked 
|  11|0x0000000761600000, 0x0000000761600000, 0x0000000761800000|  0%| F|  |TAMS 0x0000000761600000, 0x0000000761600000| Untracked 
|  12|0x0000000761800000, 0x0000000761800000, 0x0000000761a00000|  0%| F|  |TAMS 0x0000000761800000, 0x0000000761800000| Untracked 
|  13|0x0000000761a00000, 0x0000000761a00000, 0x0000000761c00000|  0%| F|  |TAMS 0x0000000761a00000, 0x0000000761a00000| Untracked 
|  14|0x0000000761c00000, 0x0000000761c00000, 0x0000000761e00000|  0%| F|  |TAMS 0x0000000761c00000, 0x0000000761c00000| Untracked 
|  15|0x0000000761e00000, 0x0000000761e00000, 0x0000000762000000|  0%| F|  |TAMS 0x0000000761e00000, 0x0000000761e00000| Untracked 
|  16|0x0000000762000000, 0x0000000762000000, 0x0000000762200000|  0%| F|  |TAMS 0x0000000762000000, 0x0000000762000000| Untracked 
|  17|0x0000000762200000, 0x0000000762200000, 0x0000000762400000|  0%| F|  |TAMS 0x0000000762200000, 0x0000000762200000| Untracked 
|  18|0x0000000762400000, 0x0000000762400000, 0x0000000762600000|  0%| F|  |TAMS 0x0000000762400000, 0x0000000762400000| Untracked 
|  19|0x0000000762600000, 0x0000000762600000, 0x0000000762800000|  0%| F|  |TAMS 0x0000000762600000, 0x0000000762600000| Untracked 
|  20|0x0000000762800000, 0x0000000762800000, 0x0000000762a00000|  0%| F|  |TAMS 0x0000000762800000, 0x0000000762800000| Untracked 
|  21|0x0000000762a00000, 0x0000000762a00000, 0x0000000762c00000|  0%| F|  |TAMS 0x0000000762a00000, 0x0000000762a00000| Untracked 
|  22|0x0000000762c00000, 0x0000000762c00000, 0x0000000762e00000|  0%| F|  |TAMS 0x0000000762c00000, 0x0000000762c00000| Untracked 
|  23|0x0000000762e00000, 0x0000000762e00000, 0x0000000763000000|  0%| F|  |TAMS 0x0000000762e00000, 0x0000000762e00000| Untracked 
|  24|0x0000000763000000, 0x0000000763000000, 0x0000000763200000|  0%| F|  |TAMS 0x0000000763000000, 0x0000000763000000| Untracked 
|  25|0x0000000763200000, 0x0000000763200000, 0x0000000763400000|  0%| F|  |TAMS 0x0000000763200000, 0x0000000763200000| Untracked 
|  26|0x0000000763400000, 0x0000000763400000, 0x0000000763600000|  0%| F|  |TAMS 0x0000000763400000, 0x0000000763400000| Untracked 
|  27|0x0000000763600000, 0x0000000763600000, 0x0000000763800000|  0%| F|  |TAMS 0x0000000763600000, 0x0000000763600000| Untracked 
|  28|0x0000000763800000, 0x0000000763800000, 0x0000000763a00000|  0%| F|  |TAMS 0x0000000763800000, 0x0000000763800000| Untracked 
|  29|0x0000000763a00000, 0x0000000763a00000, 0x0000000763c00000|  0%| F|  |TAMS 0x0000000763a00000, 0x0000000763a00000| Untracked 
|  30|0x0000000763c00000, 0x0000000763c00000, 0x0000000763e00000|  0%| F|  |TAMS 0x0000000763c00000, 0x0000000763c00000| Untracked 
|  31|0x0000000763e00000, 0x0000000763e00000, 0x0000000764000000|  0%| F|  |TAMS 0x0000000763e00000, 0x0000000763e00000| Untracked 
|  32|0x0000000764000000, 0x0000000764000000, 0x0000000764200000|  0%| F|  |TAMS 0x0000000764000000, 0x0000000764000000| Untracked 
|  33|0x0000000764200000, 0x0000000764200000, 0x0000000764400000|  0%| F|  |TAMS 0x0000000764200000, 0x0000000764200000| Untracked 
|  34|0x0000000764400000, 0x0000000764400000, 0x0000000764600000|  0%| F|  |TAMS 0x0000000764400000, 0x0000000764400000| Untracked 
|  35|0x0000000764600000, 0x0000000764600000, 0x0000000764800000|  0%| F|  |TAMS 0x0000000764600000, 0x0000000764600000| Untracked 
|  36|0x0000000764800000, 0x0000000764800000, 0x0000000764a00000|  0%| F|  |TAMS 0x0000000764800000, 0x0000000764800000| Untracked 
|  37|0x0000000764a00000, 0x0000000764a00000, 0x0000000764c00000|  0%| F|  |TAMS 0x0000000764a00000, 0x0000000764a00000| Untracked 
|  38|0x0000000764c00000, 0x0000000764c00000, 0x0000000764e00000|  0%| F|  |TAMS 0x0000000764c00000, 0x0000000764c00000| Untracked 
|  39|0x0000000764e00000, 0x0000000764e00000, 0x0000000765000000|  0%| F|  |TAMS 0x0000000764e00000, 0x0000000764e00000| Untracked 
|  40|0x0000000765000000, 0x0000000765000000, 0x0000000765200000|  0%| F|  |TAMS 0x0000000765000000, 0x0000000765000000| Untracked 
|  41|0x0000000765200000, 0x0000000765200000, 0x0000000765400000|  0%| F|  |TAMS 0x0000000765200000, 0x0000000765200000| Untracked 
|  42|0x0000000765400000, 0x0000000765400000, 0x0000000765600000|  0%| F|  |TAMS 0x0000000765400000, 0x0000000765400000| Untracked 
|  43|0x0000000765600000, 0x0000000765600000, 0x0000000765800000|  0%| F|  |TAMS 0x0000000765600000, 0x0000000765600000| Untracked 
|  44|0x0000000765800000, 0x0000000765800000, 0x0000000765a00000|  0%| F|  |TAMS 0x0000000765800000, 0x0000000765800000| Untracked 
|  45|0x0000000765a00000, 0x0000000765a00000, 0x0000000765c00000|  0%| F|  |TAMS 0x0000000765a00000, 0x0000000765a00000| Untracked 
|  46|0x0000000765c00000, 0x0000000765c00000, 0x0000000765e00000|  0%| F|  |TAMS 0x0000000765c00000, 0x0000000765c00000| Untracked 
|  47|0x0000000765e00000, 0x0000000765e00000, 0x0000000766000000|  0%| F|  |TAMS 0x0000000765e00000, 0x0000000765e00000| Untracked 
|  48|0x0000000766000000, 0x0000000766000000, 0x0000000766200000|  0%| F|  |TAMS 0x0000000766000000, 0x0000000766000000| Untracked 
|  49|0x0000000766200000, 0x0000000766200000, 0x0000000766400000|  0%| F|  |TAMS 0x0000000766200000, 0x0000000766200000| Untracked 
|  50|0x0000000766400000, 0x0000000766400000, 0x0000000766600000|  0%| F|  |TAMS 0x0000000766400000, 0x0000000766400000| Untracked 
|  51|0x0000000766600000, 0x0000000766600000, 0x0000000766800000|  0%| F|  |TAMS 0x0000000766600000, 0x0000000766600000| Untracked 
|  52|0x0000000766800000, 0x0000000766800000, 0x0000000766a00000|  0%| F|  |TAMS 0x0000000766800000, 0x0000000766800000| Untracked 
|  53|0x0000000766a00000, 0x0000000766a00000, 0x0000000766c00000|  0%| F|  |TAMS 0x0000000766a00000, 0x0000000766a00000| Untracked 
|  54|0x0000000766c00000, 0x0000000766c00000, 0x0000000766e00000|  0%| F|  |TAMS 0x0000000766c00000, 0x0000000766c00000| Untracked 
|  55|0x0000000766e00000, 0x0000000766e00000, 0x0000000767000000|  0%| F|  |TAMS 0x0000000766e00000, 0x0000000766e00000| Untracked 
|  56|0x0000000767000000, 0x0000000767000000, 0x0000000767200000|  0%| F|  |TAMS 0x0000000767000000, 0x0000000767000000| Untracked 
|  57|0x0000000767200000, 0x0000000767200000, 0x0000000767400000|  0%| F|  |TAMS 0x0000000767200000, 0x0000000767200000| Untracked 
|  58|0x0000000767400000, 0x0000000767400000, 0x0000000767600000|  0%| F|  |TAMS 0x0000000767400000, 0x0000000767400000| Untracked 
|  59|0x0000000767600000, 0x0000000767600000, 0x0000000767800000|  0%| F|  |TAMS 0x0000000767600000, 0x0000000767600000| Untracked 
|  60|0x0000000767800000, 0x0000000767800000, 0x0000000767a00000|  0%| F|  |TAMS 0x0000000767800000, 0x0000000767800000| Untracked 
|  61|0x0000000767a00000, 0x0000000767a00000, 0x0000000767c00000|  0%| F|  |TAMS 0x0000000767a00000, 0x0000000767a00000| Untracked 
|  62|0x0000000767c00000, 0x0000000767d9da60, 0x0000000767e00000| 80%| E|  |TAMS 0x0000000767c00000, 0x0000000767c00000| Complete 
|  63|0x0000000767e00000, 0x0000000768000000, 0x0000000768000000|100%| E|CS|TAMS 0x0000000767e00000, 0x0000000767e00000| Complete 
|  64|0x0000000768000000, 0x0000000768200000, 0x0000000768200000|100%| E|CS|TAMS 0x0000000768000000, 0x0000000768000000| Complete 
|  65|0x0000000768200000, 0x0000000768400000, 0x0000000768400000|100%| E|CS|TAMS 0x0000000768200000, 0x0000000768200000| Complete 
|  66|0x0000000768400000, 0x0000000768600000, 0x0000000768600000|100%| E|CS|TAMS 0x0000000768400000, 0x0000000768400000| Complete 
|  67|0x0000000768600000, 0x000000076865db28, 0x0000000768800000| 18%| S|CS|TAMS 0x0000000768600000, 0x0000000768600000| Complete 
|  68|0x0000000768800000, 0x0000000768a00000, 0x0000000768a00000|100%| S|CS|TAMS 0x0000000768800000, 0x0000000768800000| Complete 
|  69|0x0000000768a00000, 0x0000000768c00000, 0x0000000768c00000|100%| E|CS|TAMS 0x0000000768a00000, 0x0000000768a00000| Complete 
|  70|0x0000000768c00000, 0x0000000768e00000, 0x0000000768e00000|100%| E|CS|TAMS 0x0000000768c00000, 0x0000000768c00000| Complete 
|  71|0x0000000768e00000, 0x0000000769000000, 0x0000000769000000|100%| E|CS|TAMS 0x0000000768e00000, 0x0000000768e00000| Complete 
|  72|0x0000000769000000, 0x0000000769200000, 0x0000000769200000|100%| E|CS|TAMS 0x0000000769000000, 0x0000000769000000| Complete 
|  73|0x0000000769200000, 0x0000000769400000, 0x0000000769400000|100%| E|  |TAMS 0x0000000769200000, 0x0000000769200000| Complete 
|  74|0x0000000769400000, 0x0000000769600000, 0x0000000769600000|100%| E|CS|TAMS 0x0000000769400000, 0x0000000769400000| Complete 
|  75|0x0000000769600000, 0x0000000769800000, 0x0000000769800000|100%| E|CS|TAMS 0x0000000769600000, 0x0000000769600000| Complete 
|  76|0x0000000769800000, 0x0000000769a00000, 0x0000000769a00000|100%| E|CS|TAMS 0x0000000769800000, 0x0000000769800000| Complete 
|  77|0x0000000769a00000, 0x0000000769c00000, 0x0000000769c00000|100%| E|CS|TAMS 0x0000000769a00000, 0x0000000769a00000| Complete 
|  78|0x0000000769c00000, 0x0000000769e00000, 0x0000000769e00000|100%| E|CS|TAMS 0x0000000769c00000, 0x0000000769c00000| Complete 
|  79|0x0000000769e00000, 0x000000076a000000, 0x000000076a000000|100%| E|CS|TAMS 0x0000000769e00000, 0x0000000769e00000| Complete 

Card table byte_map: [0x000001e17c320000,0x000001e17c820000] _byte_map_base: 0x000001e178820000

Marking Bits (Prev, Next): (CMBitMap*) 0x000001e1745367e0, (CMBitMap*) 0x000001e174536820
 Prev Bits: [0x000001e17cd20000, 0x000001e17f520000)
 Next Bits: [0x000001e10f000000, 0x000001e111800000)

Polling page: 0x000001e1724f0000

Metaspace:

Usage:
  Non-class:     15.10 MB used.
      Class:      2.02 MB used.
       Both:     17.12 MB used.

Virtual space:
  Non-class space:       64.00 MB reserved,      15.19 MB ( 24%) committed,  1 nodes.
      Class space:        1.00 GB reserved,       2.12 MB ( <1%) committed,  1 nodes.
             Both:        1.06 GB reserved,      17.31 MB (  2%) committed. 

Chunk freelists:
   Non-Class:  304.00 KB
       Class:  1.84 MB
        Both:  2.14 MB

MaxMetaspaceSize: unlimited
CompressedClassSpaceSize: 1.00 GB
Initial GC threshold: 21.00 MB
Current GC threshold: 21.00 MB
CDS: on
MetaspaceReclaimPolicy: balanced
 - commit_granule_bytes: 65536.
 - commit_granule_words: 8192.
 - virtual_space_node_default_size: 8388608.
 - enlarge_chunks_in_place: 1.
 - new_chunks_are_fully_committed: 0.
 - uncommit_free_chunks: 1.
 - use_allocation_guard: 0.


Internal statistics:

num_allocs_failed_limit: 0.
num_arena_births: 214.
num_arena_deaths: 0.
num_vsnodes_births: 2.
num_vsnodes_deaths: 0.
num_space_committed: 277.
num_space_uncommitted: 0.
num_chunks_returned_to_freelist: 0.
num_chunks_taken_from_freelist: 782.
num_chunk_merges: 0.
num_chunk_splits: 531.
num_chunks_enlarged: 429.
num_inconsistent_stats: 0.

CodeHeap 'non-profiled nmethods': size=120064Kb used=938Kb max_used=938Kb free=119125Kb
 bounds [0x000001e107ac0000, 0x000001e107d30000, 0x000001e10f000000]
CodeHeap 'profiled nmethods': size=120000Kb used=5626Kb max_used=5626Kb free=114373Kb
 bounds [0x000001e100590000, 0x000001e100b10000, 0x000001e107ac0000]
CodeHeap 'non-nmethods': size=5696Kb used=1187Kb max_used=1219Kb free=4509Kb
 bounds [0x000001e100000000, 0x000001e100270000, 0x000001e100590000]
 total_blobs=3132 nmethods=2661 adapters=384
 compilation: enabled
              stopped_count=0, restarted_count=0
 full_count=0

Compilation events (20 events):
Event: 26.103 Thread 0x000001e17f7580f0 nmethod 2654 0x000001e100b09110 code [0x000001e100b092c0, 0x000001e100b09678]
Event: 26.103 Thread 0x000001e17f7580f0 2656       3       org.springframework.boot.autoconfigure.condition.ConditionMessage$Style::applyTo (62 bytes)
Event: 26.104 Thread 0x000001e17f7580f0 nmethod 2656 0x000001e100b09790 code [0x000001e100b099e0, 0x000001e100b0a468]
Event: 26.104 Thread 0x000001e17f7580f0 2655       3       org.springframework.boot.autoconfigure.condition.ConditionMessage$ItemsBuilder::<init> (32 bytes)
Event: 26.104 Thread 0x000001e17f7580f0 nmethod 2655 0x000001e100b0a810 code [0x000001e100b0a9c0, 0x000001e100b0ad18]
Event: 26.105 Thread 0x000001e17f7580f0 2657       3       java.util.Map::getOrDefault (28 bytes)
Event: 26.105 Thread 0x000001e17f7580f0 nmethod 2657 0x000001e100b0ae10 code [0x000001e100b0afc0, 0x000001e100b0b338]
Event: 26.105 Thread 0x000001e17f7580f0 2658       3       org.springframework.boot.autoconfigure.condition.OnBeanCondition$Spec::merge (7 bytes)
Event: 26.105 Thread 0x000001e17f7580f0 nmethod 2658 0x000001e100b0b410 code [0x000001e100b0b5a0, 0x000001e100b0b6e8]
Event: 26.112 Thread 0x000001e17f7580f0 2659       3       org.springframework.util.StringUtils::collectionToDelimitedString (10 bytes)
Event: 26.112 Thread 0x000001e17f7580f0 nmethod 2659 0x000001e100b0b790 code [0x000001e100b0b920, 0x000001e100b0ba48]
Event: 26.112 Thread 0x000001e17f7580f0 2660       3       org.springframework.util.StringUtils::collectionToDelimitedString (161 bytes)
Event: 26.115 Thread 0x000001e17f7580f0 nmethod 2660 0x000001e100b0bb10 code [0x000001e100b0bee0, 0x000001e100b0d888]
Event: 26.118 Thread 0x000001e17f7528e0 2661   !   4       org.springframework.beans.factory.support.DefaultSingletonBeanRegistry::getSingleton (147 bytes)
Event: 26.119 Thread 0x000001e17f7580f0 2662       3       org.springframework.core.annotation.AttributeMethods::assertAnnotation (22 bytes)
Event: 26.121 Thread 0x000001e17f7580f0 nmethod 2662 0x000001e100b0e110 code [0x000001e100b0e320, 0x000001e100b0e8c8]
Event: 26.139 Thread 0x000001e17f7528e0 nmethod 2661 0x000001e107ba9410 code [0x000001e107ba9600, 0x000001e107ba9db0]
Event: 26.139 Thread 0x000001e17f7528e0 2663       4       org.springframework.beans.factory.BeanFactoryUtils::transformedBeanName (35 bytes)
Event: 26.142 Thread 0x000001e17f7528e0 nmethod 2663 0x000001e107baa590 code [0x000001e107baa720, 0x000001e107baa868]
Event: 26.143 Thread 0x000001e17f7580f0 2664       3       org.springframework.beans.factory.support.AbstractBeanDefinition::hasMethodOverrides (16 bytes)

GC Heap History (8 events):
Event: 12.557 GC heap before
{Heap before GC invocations=0 (full 0):
 garbage-first heap   total 163840K, used 6144K [0x0000000760000000, 0x0000000800000000)
  region size 2048K, 4 young (8192K), 0 survivors (0K)
 Metaspace       used 2405K, committed 2560K, reserved 1114112K
  class space    used 210K, committed 320K, reserved 1048576K
}
Event: 12.566 GC heap after
{Heap after GC invocations=1 (full 0):
 garbage-first heap   total 163840K, used 3933K [0x0000000760000000, 0x0000000800000000)
  region size 2048K, 1 young (2048K), 1 survivors (2048K)
 Metaspace       used 2405K, committed 2560K, reserved 1114112K
  class space    used 210K, committed 320K, reserved 1048576K
}
Event: 14.017 GC heap before
{Heap before GC invocations=1 (full 0):
 garbage-first heap   total 163840K, used 10077K [0x0000000760000000, 0x0000000800000000)
  region size 2048K, 4 young (8192K), 1 survivors (2048K)
 Metaspace       used 4461K, committed 4672K, reserved 1114112K
  class space    used 459K, committed 576K, reserved 1048576K
}
Event: 14.023 GC heap after
{Heap after GC invocations=2 (full 0):
 garbage-first heap   total 163840K, used 4655K [0x0000000760000000, 0x0000000800000000)
  region size 2048K, 1 young (2048K), 1 survivors (2048K)
 Metaspace       used 4461K, committed 4672K, reserved 1114112K
  class space    used 459K, committed 576K, reserved 1048576K
}
Event: 15.731 GC heap before
{Heap before GC invocations=2 (full 0):
 garbage-first heap   total 163840K, used 10799K [0x0000000760000000, 0x0000000800000000)
  region size 2048K, 5 young (10240K), 1 survivors (2048K)
 Metaspace       used 6745K, committed 6976K, reserved 1114112K
  class space    used 760K, committed 896K, reserved 1048576K
}
Event: 15.737 GC heap after
{Heap after GC invocations=3 (full 0):
 garbage-first heap   total 163840K, used 5308K [0x0000000760000000, 0x0000000800000000)
  region size 2048K, 1 young (2048K), 1 survivors (2048K)
 Metaspace       used 6745K, committed 6976K, reserved 1114112K
  class space    used 760K, committed 896K, reserved 1048576K
}
Event: 22.102 GC heap before
{Heap before GC invocations=3 (full 0):
 garbage-first heap   total 163840K, used 23740K [0x0000000760000000, 0x0000000800000000)
  region size 2048K, 11 young (22528K), 1 survivors (2048K)
 Metaspace       used 12274K, committed 12544K, reserved 1114112K
  class space    used 1424K, committed 1536K, reserved 1048576K
}
Event: 22.110 GC heap after
{Heap after GC invocations=4 (full 0):
 garbage-first heap   total 163840K, used 6444K [0x0000000760000000, 0x0000000800000000)
  region size 2048K, 2 young (4096K), 2 survivors (4096K)
 Metaspace       used 12274K, committed 12544K, reserved 1114112K
  class space    used 1424K, committed 1536K, reserved 1048576K
}

Deoptimization events (20 events):
Event: 25.366 Thread 0x000001e117d993f0 Uncommon trap: trap_request=0xffffffde fr.pc=0x000001e107acb2bc relative=0x000000000000013c
Event: 25.366 Thread 0x000001e117d993f0 Uncommon trap: reason=class_check action=maybe_recompile pc=0x000001e107acb2bc method=java.lang.String.equals(Ljava/lang/Object;)Z @ 8 c2
Event: 25.366 Thread 0x000001e117d993f0 DEOPT PACKING pc=0x000001e107acb2bc sp=0x000000c065cfe8a0
Event: 25.366 Thread 0x000001e117d993f0 DEOPT UNPACKING pc=0x000001e10005239d sp=0x000000c065cfe838 mode 2
Event: 25.366 Thread 0x000001e117d993f0 Uncommon trap: trap_request=0xffffffde fr.pc=0x000001e107acb2bc relative=0x000000000000013c
Event: 25.366 Thread 0x000001e117d993f0 Uncommon trap: reason=class_check action=maybe_recompile pc=0x000001e107acb2bc method=java.lang.String.equals(Ljava/lang/Object;)Z @ 8 c2
Event: 25.366 Thread 0x000001e117d993f0 DEOPT PACKING pc=0x000001e107acb2bc sp=0x000000c065cfe8a0
Event: 25.366 Thread 0x000001e117d993f0 DEOPT UNPACKING pc=0x000001e10005239d sp=0x000000c065cfe838 mode 2
Event: 25.366 Thread 0x000001e117d993f0 Uncommon trap: trap_request=0xffffffde fr.pc=0x000001e107acb2bc relative=0x000000000000013c
Event: 25.366 Thread 0x000001e117d993f0 Uncommon trap: reason=class_check action=maybe_recompile pc=0x000001e107acb2bc method=java.lang.String.equals(Ljava/lang/Object;)Z @ 8 c2
Event: 25.366 Thread 0x000001e117d993f0 DEOPT PACKING pc=0x000001e107acb2bc sp=0x000000c065cfe8a0
Event: 25.366 Thread 0x000001e117d993f0 DEOPT UNPACKING pc=0x000001e10005239d sp=0x000000c065cfe838 mode 2
Event: 25.368 Thread 0x000001e117d993f0 Uncommon trap: trap_request=0xffffffde fr.pc=0x000001e107acb2bc relative=0x000000000000013c
Event: 25.368 Thread 0x000001e117d993f0 Uncommon trap: reason=class_check action=maybe_recompile pc=0x000001e107acb2bc method=java.lang.String.equals(Ljava/lang/Object;)Z @ 8 c2
Event: 25.368 Thread 0x000001e117d993f0 DEOPT PACKING pc=0x000001e107acb2bc sp=0x000000c065cfe4f0
Event: 25.368 Thread 0x000001e117d993f0 DEOPT UNPACKING pc=0x000001e10005239d sp=0x000000c065cfe488 mode 2
Event: 25.841 Thread 0x000001e117d993f0 Uncommon trap: trap_request=0xffffff45 fr.pc=0x000001e107b44eb0 relative=0x0000000000000110
Event: 25.841 Thread 0x000001e117d993f0 Uncommon trap: reason=unstable_if action=reinterpret pc=0x000001e107b44eb0 method=java.util.Arrays.equals([Ljava/lang/Object;[Ljava/lang/Object;)Z @ 44 c2
Event: 25.841 Thread 0x000001e117d993f0 DEOPT PACKING pc=0x000001e107b44eb0 sp=0x000000c065cfded0
Event: 25.841 Thread 0x000001e117d993f0 DEOPT UNPACKING pc=0x000001e10005239d sp=0x000000c065cfde70 mode 2

Classes loaded (20 events):
Event: 22.767 Loading class java/util/concurrent/ConcurrentLinkedDeque$Itr
Event: 22.777 Loading class java/util/concurrent/ConcurrentLinkedDeque$AbstractItr
Event: 22.805 Loading class java/util/concurrent/ConcurrentLinkedDeque$AbstractItr done
Event: 22.805 Loading class java/util/concurrent/ConcurrentLinkedDeque$Itr done
Event: 22.890 Loading class java/net/SocketException
Event: 22.890 Loading class java/net/SocketException done
Event: 22.975 Loading class java/util/regex/Pattern$LazyLoop
Event: 22.991 Loading class java/util/regex/Pattern$Loop
Event: 22.995 Loading class java/util/regex/Pattern$Loop done
Event: 22.996 Loading class java/util/regex/Pattern$LazyLoop done
Event: 22.996 Loading class java/util/regex/Pattern$Prolog
Event: 22.996 Loading class java/util/regex/Pattern$Prolog done
Event: 23.086 Loading class java/lang/AssertionError
Event: 23.086 Loading class java/lang/AssertionError done
Event: 23.780 Loading class javax/naming/ldap/LdapContext
Event: 23.788 Loading class javax/naming/directory/DirContext
Event: 23.822 Loading class javax/naming/directory/DirContext done
Event: 23.822 Loading class javax/naming/ldap/LdapContext done
Event: 24.428 Loading class java/lang/Deprecated
Event: 24.428 Loading class java/lang/Deprecated done

Classes unloaded (0 events):
No events

Classes redefined (0 events):
No events

Internal exceptions (20 events):
Event: 22.518 Thread 0x000001e117d168d0 Exception <a 'java/lang/IncompatibleClassChangeError'{0x000000076991dd50}: Found class java.lang.Object, but interface was expected> (0x000000076991dd50) 
thrown [s\open\src\hotspot\share\interpreter\linkResolver.cpp, line 833]
Event: 22.572 Thread 0x000001e117d168d0 Exception <a 'java/lang/NoSuchMethodError'{0x00000007699adc10}: 'java.lang.Object java.lang.invoke.DirectMethodHandle$Holder.invokeVirtual(java.lang.Object, java.lang.Object, java.lang.Object, java.lang.Object)'> (0x00000007699adc10) 
thrown [s\open\src\hotspot\share\interpreter\linkResolver.cpp, line 766]
Event: 22.582 Thread 0x000001e117d993f0 Exception <a 'java/lang/ClassNotFoundException'{0x0000000769963ba8}: java/lang/ObjectCustomizer> (0x0000000769963ba8) 
thrown [s\open\src\hotspot\share\classfile\systemDictionary.cpp, line 255]
Event: 22.639 Thread 0x000001e117d993f0 Exception <a 'java/lang/IncompatibleClassChangeError'{0x00000007699d3150}: Found class java.lang.Object, but interface was expected> (0x00000007699d3150) 
thrown [s\open\src\hotspot\share\interpreter\linkResolver.cpp, line 833]
Event: 22.659 Thread 0x000001e117d993f0 Exception <a 'java/lang/ClassNotFoundException'{0x00000007699f0fd0}: org/springframework/context/annotation/ConfigurationClassPostProcessorCustomizer> (0x00000007699f0fd0) 
thrown [s\open\src\hotspot\share\classfile\systemDictionary.cpp, line 255]
Event: 22.727 Thread 0x000001e117d993f0 Exception <a 'java/lang/ClassNotFoundException'{0x000000076969bbe8}: org/springframework/beans/factory/support/BeanDefinitionRegistryPostProcessorCustomizer> (0x000000076969bbe8) 
thrown [s\open\src\hotspot\share\classfile\systemDictionary.cpp, line 255]
Event: 22.730 Thread 0x000001e117d993f0 Exception <a 'java/lang/ClassNotFoundException'{0x00000007696a00f0}: org/springframework/beans/factory/config/BeanFactoryPostProcessorCustomizer> (0x00000007696a00f0) 
thrown [s\open\src\hotspot\share\classfile\systemDictionary.cpp, line 255]
Event: 22.738 Thread 0x000001e117d993f0 Exception <a 'java/lang/ClassNotFoundException'{0x00000007696a4460}: org/springframework/core/PriorityOrderedCustomizer> (0x00000007696a4460) 
thrown [s\open\src\hotspot\share\classfile\systemDictionary.cpp, line 255]
Event: 22.739 Thread 0x000001e117d993f0 Exception <a 'java/lang/ClassNotFoundException'{0x00000007696a7460}: org/springframework/core/OrderedCustomizer> (0x00000007696a7460) 
thrown [s\open\src\hotspot\share\classfile\systemDictionary.cpp, line 255]
Event: 22.740 Thread 0x000001e117d993f0 Exception <a 'java/lang/ClassNotFoundException'{0x00000007696ab628}: org/springframework/context/ResourceLoaderAwareCustomizer> (0x00000007696ab628) 
thrown [s\open\src\hotspot\share\classfile\systemDictionary.cpp, line 255]
Event: 22.742 Thread 0x000001e117d993f0 Exception <a 'java/lang/ClassNotFoundException'{0x00000007696af978}: org/springframework/beans/factory/AwareCustomizer> (0x00000007696af978) 
thrown [s\open\src\hotspot\share\classfile\systemDictionary.cpp, line 255]
Event: 22.745 Thread 0x000001e117d993f0 Exception <a 'java/lang/ClassNotFoundException'{0x00000007696b2c90}: org/springframework/context/ApplicationStartupAwareCustomizer> (0x00000007696b2c90) 
thrown [s\open\src\hotspot\share\classfile\systemDictionary.cpp, line 255]
Event: 22.749 Thread 0x000001e117d993f0 Exception <a 'java/lang/ClassNotFoundException'{0x00000007696b7268}: org/springframework/beans/factory/AwareCustomizer> (0x00000007696b7268) 
thrown [s\open\src\hotspot\share\classfile\systemDictionary.cpp, line 255]
Event: 22.749 Thread 0x000001e117d993f0 Exception <a 'java/lang/ClassNotFoundException'{0x00000007696ba568}: org/springframework/beans/factory/BeanClassLoaderAwareCustomizer> (0x00000007696ba568) 
thrown [s\open\src\hotspot\share\classfile\systemDictionary.cpp, line 255]
Event: 22.751 Thread 0x000001e117d993f0 Exception <a 'java/lang/ClassNotFoundException'{0x00000007696be8a0}: org/springframework/beans/factory/AwareCustomizer> (0x00000007696be8a0) 
thrown [s\open\src\hotspot\share\classfile\systemDictionary.cpp, line 255]
Event: 22.751 Thread 0x000001e117d993f0 Exception <a 'java/lang/ClassNotFoundException'{0x00000007696c1980}: org/springframework/context/EnvironmentAwareCustomizer> (0x00000007696c1980) 
thrown [s\open\src\hotspot\share\classfile\systemDictionary.cpp, line 255]
Event: 22.753 Thread 0x000001e117d993f0 Exception <a 'java/lang/ClassNotFoundException'{0x00000007696c5eb0}: org/springframework/beans/factory/AwareCustomizer> (0x00000007696c5eb0) 
thrown [s\open\src\hotspot\share\classfile\systemDictionary.cpp, line 255]
Event: 22.929 Thread 0x000001e117d993f0 Exception <a 'java/lang/NoSuchMethodError'{0x00000007697adf68}: 'java.lang.Object java.lang.invoke.DirectMethodHandle$Holder.invokeVirtual(java.lang.Object, java.lang.Object, java.lang.Object)'> (0x00000007697adf68) 
thrown [s\open\src\hotspot\share\interpreter\linkResolver.cpp, line 766]
Event: 24.187 Thread 0x000001e117d993f0 Exception <a 'java/lang/IncompatibleClassChangeError'{0x000000076918f168}: Found class java.lang.Object, but interface was expected> (0x000000076918f168) 
thrown [s\open\src\hotspot\share\interpreter\linkResolver.cpp, line 833]
Event: 24.508 Thread 0x000001e117d993f0 Exception <a 'java/lang/NoSuchMethodError'{0x0000000768ef2c28}: 'void java.lang.invoke.DirectMethodHandle$Holder.invokeInterface(java.lang.Object, java.lang.Object, java.lang.Object, java.lang.Object)'> (0x0000000768ef2c28) 
thrown [s\open\src\hotspot\share\interpreter\linkResolver.cpp, line 766]

VM Operations (20 events):
Event: 20.834 Executing VM operation: Cleanup
Event: 20.835 Executing VM operation: Cleanup done
Event: 21.835 Executing VM operation: Cleanup
Event: 21.835 Executing VM operation: Cleanup done
Event: 22.102 Executing VM operation: G1CollectForAllocation
Event: 22.110 Executing VM operation: G1CollectForAllocation done
Event: 22.319 Executing VM operation: HandshakeAllThreads
Event: 22.320 Executing VM operation: HandshakeAllThreads done
Event: 22.653 Executing VM operation: HandshakeAllThreads
Event: 22.653 Executing VM operation: HandshakeAllThreads done
Event: 22.896 Executing VM operation: HandshakeAllThreads
Event: 22.896 Executing VM operation: HandshakeAllThreads done
Event: 23.910 Executing VM operation: Cleanup
Event: 23.910 Executing VM operation: Cleanup done
Event: 24.911 Executing VM operation: Cleanup
Event: 24.911 Executing VM operation: Cleanup done
Event: 25.385 Executing VM operation: HandshakeAllThreads
Event: 25.385 Executing VM operation: HandshakeAllThreads done
Event: 25.996 Executing VM operation: ICBufferFull
Event: 25.996 Executing VM operation: ICBufferFull done

Events (20 events):
Event: 0.851 Thread 0x000001e17f7c1a60 Thread added: 0x000001e17f7c1a60
Event: 1.206 Thread 0x000001e17f968030 Thread added: 0x000001e17f968030
Event: 1.376 Loaded shared library C:\Users\Second User\.jdks\openjdk-18.0.1.1\bin\zip.dll
Event: 1.444 Loaded shared library C:\Users\Second User\.jdks\openjdk-18.0.1.1\bin\instrument.dll
Event: 1.679 Loaded shared library C:\Users\Second User\.jdks\openjdk-18.0.1.1\bin\net.dll
Event: 1.703 Loaded shared library C:\Users\Second User\.jdks\openjdk-18.0.1.1\bin\nio.dll
Event: 2.256 Loaded shared library C:\Users\Second User\.jdks\openjdk-18.0.1.1\bin\zip.dll
Event: 5.793 Loaded shared library C:\Users\Second User\.jdks\openjdk-18.0.1.1\bin\jimage.dll
Event: 11.224 Loaded shared library C:\Program Files\JetBrains\IntelliJ IDEA Community Edition 2022.1.1\bin\breakgen64.dll
Event: 11.225 Thread 0x000001e17fc9fbc0 Thread added: 0x000001e17fc9fbc0
Event: 11.225 Thread 0x000001e17fca0500 Thread added: 0x000001e17fca0500
Event: 11.688 Loaded shared library C:\Users\Second User\.jdks\openjdk-18.0.1.1\bin\verify.dll
Event: 14.015 Loaded shared library C:\Users\Second User\.jdks\openjdk-18.0.1.1\bin\management.dll
Event: 14.025 Loaded shared library C:\Users\Second User\.jdks\openjdk-18.0.1.1\bin\management_ext.dll
Event: 14.217 Thread 0x000001e117d7a030 Thread added: 0x000001e117d7a030
Event: 14.271 Thread 0x000001e117d993f0 Thread added: 0x000001e117d993f0
Event: 16.703 Thread 0x000001e117d168d0 Thread added: 0x000001e117d168d0
Event: 22.595 Thread 0x000001e117d168d0 Thread exited: 0x000001e117d168d0
Event: 23.579 Thread 0x000001e117bad0e0 Thread added: 0x000001e117bad0e0
Event: 24.089 Thread 0x000001e117bad0e0 Thread exited: 0x000001e117bad0e0


Dynamic libraries:
0x00007ff6d68c0000 - 0x00007ff6d68ce000 	C:\Users\Second User\.jdks\openjdk-18.0.1.1\bin\java.exe
0x00007ffb85770000 - 0x00007ffb85965000 	C:\WINDOWS\SYSTEM32\ntdll.dll
0x00007ffb850d0000 - 0x00007ffb8518d000 	C:\WINDOWS\System32\KERNEL32.DLL
0x00007ffb82e80000 - 0x00007ffb8314d000 	C:\WINDOWS\System32\KERNELBASE.dll
0x00007ffb83260000 - 0x00007ffb83360000 	C:\WINDOWS\System32\ucrtbase.dll
0x00007ffb5f1e0000 - 0x00007ffb5f1f7000 	C:\Users\Second User\.jdks\openjdk-18.0.1.1\bin\jli.dll
0x00007ffb5c430000 - 0x00007ffb5c44a000 	C:\Users\Second User\.jdks\openjdk-18.0.1.1\bin\VCRUNTIME140.dll
0x00007ffb84590000 - 0x00007ffb84730000 	C:\WINDOWS\System32\USER32.dll
0x00007ffb83740000 - 0x00007ffb83762000 	C:\WINDOWS\System32\win32u.dll
0x00007ffb7a410000 - 0x00007ffb7a6aa000 	C:\WINDOWS\WinSxS\amd64_microsoft.windows.common-controls_6595b64144ccf1df_6.0.19041.1110_none_60b5254171f9507e\COMCTL32.dll
0x00007ffb85700000 - 0x00007ffb8572a000 	C:\WINDOWS\System32\GDI32.dll
0x00007ffb84270000 - 0x00007ffb8430e000 	C:\WINDOWS\System32\msvcrt.dll
0x00007ffb83580000 - 0x00007ffb8368b000 	C:\WINDOWS\System32\gdi32full.dll
0x00007ffb83150000 - 0x00007ffb831ed000 	C:\WINDOWS\System32\msvcp_win.dll
0x00007ffb84cf0000 - 0x00007ffb84d20000 	C:\WINDOWS\System32\IMM32.DLL
0x00007ffb62aa0000 - 0x00007ffb62aac000 	C:\Users\Second User\.jdks\openjdk-18.0.1.1\bin\vcruntime140_1.dll
0x00007ffb57810000 - 0x00007ffb5789d000 	C:\Users\Second User\.jdks\openjdk-18.0.1.1\bin\msvcp140.dll
0x00007ffb235e0000 - 0x00007ffb241f0000 	C:\Users\Second User\.jdks\openjdk-18.0.1.1\bin\server\jvm.dll
0x00007ffb84e10000 - 0x00007ffb84ebe000 	C:\WINDOWS\System32\ADVAPI32.dll
0x00007ffb84ac0000 - 0x00007ffb84b5c000 	C:\WINDOWS\System32\sechost.dll
0x00007ffb84860000 - 0x00007ffb84985000 	C:\WINDOWS\System32\RPCRT4.dll
0x00007ffb84bc0000 - 0x00007ffb84bc8000 	C:\WINDOWS\System32\PSAPI.DLL
0x00007ffb7e5a0000 - 0x00007ffb7e5a9000 	C:\WINDOWS\SYSTEM32\WSOCK32.dll
0x00007ffb844a0000 - 0x00007ffb8450b000 	C:\WINDOWS\System32\WS2_32.dll
0x00007ffb7b160000 - 0x00007ffb7b187000 	C:\WINDOWS\SYSTEM32\WINMM.dll
0x00007ffb7c060000 - 0x00007ffb7c06a000 	C:\WINDOWS\SYSTEM32\VERSION.dll
0x00007ffb80da0000 - 0x00007ffb80db2000 	C:\WINDOWS\SYSTEM32\kernel.appcore.dll
0x00007ffb61240000 - 0x00007ffb6124a000 	C:\Users\Second User\.jdks\openjdk-18.0.1.1\bin\jimage.dll
0x00007ffb6eb50000 - 0x00007ffb6ed34000 	C:\WINDOWS\SYSTEM32\DBGHELP.DLL
0x00007ffb6eb20000 - 0x00007ffb6eb4c000 	C:\WINDOWS\SYSTEM32\dbgcore.DLL
0x00007ffb834f0000 - 0x00007ffb83572000 	C:\WINDOWS\System32\bcryptPrimitives.dll
0x00007ffb69420000 - 0x00007ffb6942e000 	C:\Users\Second User\.jdks\openjdk-18.0.1.1\bin\instrument.dll
0x00007ffb5b7a0000 - 0x00007ffb5b7c5000 	C:\Users\Second User\.jdks\openjdk-18.0.1.1\bin\java.dll
0x00007ffb3e0f0000 - 0x00007ffb3e1c6000 	C:\Users\Second User\.jdks\openjdk-18.0.1.1\bin\jsvml.dll
0x00007ffb83b20000 - 0x00007ffb84264000 	C:\WINDOWS\System32\SHELL32.dll
0x00007ffb80fa0000 - 0x00007ffb81734000 	C:\WINDOWS\SYSTEM32\windows.storage.dll
0x00007ffb837c0000 - 0x00007ffb83b14000 	C:\WINDOWS\System32\combase.dll
0x00007ffb82810000 - 0x00007ffb8283c000 	C:\WINDOWS\SYSTEM32\Wldp.dll
0x00007ffb843f0000 - 0x00007ffb8449d000 	C:\WINDOWS\System32\SHCORE.dll
0x00007ffb84990000 - 0x00007ffb849e5000 	C:\WINDOWS\System32\shlwapi.dll
0x00007ffb82dc0000 - 0x00007ffb82ddf000 	C:\WINDOWS\SYSTEM32\profapi.dll
0x00007ffb59d00000 - 0x00007ffb59d18000 	C:\Users\Second User\.jdks\openjdk-18.0.1.1\bin\zip.dll
0x00007ffb5c2e0000 - 0x00007ffb5c2f3000 	C:\Users\Second User\.jdks\openjdk-18.0.1.1\bin\net.dll
0x00007ffb762f0000 - 0x00007ffb763fa000 	C:\WINDOWS\SYSTEM32\WINHTTP.dll
0x00007ffb82570000 - 0x00007ffb825da000 	C:\WINDOWS\system32\mswsock.dll
0x00007ffb59e40000 - 0x00007ffb59e56000 	C:\Users\Second User\.jdks\openjdk-18.0.1.1\bin\nio.dll
0x00007ffb5af80000 - 0x00007ffb5af9a000 	C:\Program Files\JetBrains\IntelliJ IDEA Community Edition 2022.1.1\bin\breakgen64.dll
0x00007ffb5f040000 - 0x00007ffb5f050000 	C:\Users\Second User\.jdks\openjdk-18.0.1.1\bin\verify.dll
0x00007ffb66350000 - 0x00007ffb66359000 	C:\Users\Second User\.jdks\openjdk-18.0.1.1\bin\management.dll
0x00007ffb66340000 - 0x00007ffb6634b000 	C:\Users\Second User\.jdks\openjdk-18.0.1.1\bin\management_ext.dll
0x00007ffb665b0000 - 0x00007ffb665c7000 	C:\WINDOWS\system32\napinsp.dll
0x00007ffb66590000 - 0x00007ffb665ab000 	C:\WINDOWS\system32\pnrpnsp.dll
0x00007ffb66ae0000 - 0x00007ffb66af5000 	C:\WINDOWS\system32\wshbth.dll
0x00007ffb7e8a0000 - 0x00007ffb7e8bd000 	C:\WINDOWS\system32\NLAapi.dll
0x00007ffb82260000 - 0x00007ffb8229b000 	C:\WINDOWS\SYSTEM32\IPHLPAPI.DLL
0x00007ffb822a0000 - 0x00007ffb8236b000 	C:\WINDOWS\SYSTEM32\DNSAPI.dll
0x00007ffb84e00000 - 0x00007ffb84e08000 	C:\WINDOWS\System32\NSI.dll
0x00007ffb66540000 - 0x00007ffb66552000 	C:\WINDOWS\System32\winrnr.dll
0x00007ffb7ae80000 - 0x00007ffb7ae8a000 	C:\Windows\System32\rasadhlp.dll
0x00007ffb7b0e0000 - 0x00007ffb7b160000 	C:\WINDOWS\System32\fwpuclnt.dll
0x00007ffb83360000 - 0x00007ffb83387000 	C:\WINDOWS\System32\bcrypt.dll

dbghelp: loaded successfully - version: 4.0.5 - missing functions: none
symbol engine: initialized successfully - sym options: 0x614 - pdb path: .;C:\Users\Second User\.jdks\openjdk-18.0.1.1\bin;C:\WINDOWS\SYSTEM32;C:\WINDOWS\WinSxS\amd64_microsoft.windows.common-controls_6595b64144ccf1df_6.0.19041.1110_none_60b5254171f9507e;C:\Users\Second User\.jdks\openjdk-18.0.1.1\bin\server;C:\Program Files\JetBrains\IntelliJ IDEA Community Edition 2022.1.1\bin

VM Arguments:
jvm_args: -javaagent:C:\Program Files\JetBrains\IntelliJ IDEA Community Edition 2022.1.1\lib\idea_rt.jar=53477:C:\Program Files\JetBrains\IntelliJ IDEA Community Edition 2022.1.1\bin -Dfile.encoding=UTF-8 
java_command: com.sotnikov.server.ServerApplication
java_class_path (initial): C:\Users\Second User\IdeaProjects\server\target\classes;C:\Users\Second User\.m2\repository\org\springframework\boot\spring-boot-starter-web\2.7.0\spring-boot-starter-web-2.7.0.jar;C:\Users\Second User\.m2\repository\org\springframework\boot\spring-boot-starter\2.7.0\spring-boot-starter-2.7.0.jar;C:\Users\Second User\.m2\repository\org\springframework\boot\spring-boot-starter-logging\2.7.0\spring-boot-starter-logging-2.7.0.jar;C:\Users\Second User\.m2\repository\ch\qos\logback\logback-classic\1.2.11\logback-classic-1.2.11.jar;C:\Users\Second User\.m2\repository\ch\qos\logback\logback-core\1.2.11\logback-core-1.2.11.jar;C:\Users\Second User\.m2\repository\org\apache\logging\log4j\log4j-to-slf4j\2.17.2\log4j-to-slf4j-2.17.2.jar;C:\Users\Second User\.m2\repository\org\apache\logging\log4j\log4j-api\2.17.2\log4j-api-2.17.2.jar;C:\Users\Second User\.m2\repository\org\slf4j\jul-to-slf4j\1.7.36\jul-to-slf4j-1.7.36.jar;C:\Users\Second User\.m2\repository\jakarta\annotation\jakarta.annotation-api\1.3.5\jakarta.annotation-api-1.3.5.jar;C:\Users\Second User\.m2\repository\org\yaml\snakeyaml\1.30\snakeyaml-1.30.jar;C:\Users\Second User\.m2\repository\org\springframework\boot\spring-boot-starter-json\2.7.0\spring-boot-starter-json-2.7.0.jar;C:\Users\Second User\.m2\repository\com\fasterxml\jackson\core\jackson-databind\2.13.3\jackson-databind-2.13.3.jar;C:\Users\Second User\.m2\repository\com\fasterxml\jackson\core\jackson-annotations\2.13.3\jackson-annotations-2.13.3.jar;C:\Users\Second User\.m2\repository\com\fasterxml\jackson\core\jackson-core\2.13.3\jackson-core-2.13.3.jar;C:\Users\Second User\.m2\repository\com\fasterxml\jackson\datatype\jackson-datatype-jdk8\2.13.3\jackson-datatype-jdk8-2.13.3.jar;C:\Users\Second User\.m2\repository\com\fasterxml\jackson\datatype\jackson-datatype-jsr310\2.13.3\jackson-datatype-jsr310-2.13.3.jar;C:\Users\Second User\.m2\repository\com\fasterxml\jackson\module\jackson-module-parameter-names\2.13.3\jackson-module-parameter-names-2.13.3.jar;C:\Users\Second User\.m2\repository\org\springframework\boot\spring-boot-starter-tomcat\2.7.0\spring-boot-starter-tomcat-2.7.0.jar;C:\Users\Second User\.m2\repository\org\apache\tomcat\embed\tomcat-embed-core\9.0.63\tomcat-embed-core-9.0.63.jar;C:\Users\Second User\.m2\repository\org\apache\tomcat\embed\tomcat-embed-el\9.0.63\tomcat-embed-el-9.0.63.jar;C:\Users\Second User\.m2\repository\org\apache\tomcat\embed\tomcat-embed-websocket\9.0.63\tomcat-embed-websocket-9.0.63.jar;C:\Users\Second User\.m2\repository\org\springframework\spring-web\5.3.20\spring-web-5.3.20.jar;C:\Users\Second User\.m2\repository\org\springframework\spring-beans\5.3.20\spring-beans-5.3.20.jar;C:\Users\Second User\.m2\repository\org\springframework\spring-webmvc\5.3.20\spring-webmvc-5.3.20.jar;C:\Users\Second User\.m2\repository\org\springframework\spring-aop\5.3.20\spring-aop-5.3.20.jar;C:\Users\Second User\.m2\repository\org\springframework\spring-context\5.3.20\spring-context-5.3.20.jar;C:\Users\Second User\.m2\repository\org\springframework\spring-expression\5.3.20\spring-expression-5.3.20.jar;C:\Users\Second User\.m2\repository\org\springframework\boot\spring-boot-devtools\2.7.0\spring-boot-devtools-2.7.0.jar;C:\Users\Second User\.m2\repository\org\springframework\boot\spring-boot\2.7.0\spring-boot-2.7.0.jar;C:\Users\Second User\.m2\repository\org\springframework\boot\spring-boot-autoconfigure\2.7.0\spring-boot-autoconfigure-2.7.0.jar;C:\Users\Second User\.m2\repository\org\projectlombok\lombok\1.18.24\lombok-1.18.24.jar;C:\Users\Second User\.m2\repository\org\slf4j\slf4j-api\1.7.36\slf4j-api-1.7.36.jar;C:\Users\Second User\.m2\repository\org\springframework\spring-core\5.3.20\spring-core-5.3.20.jar;C:\Users\Second User\.m2\repository\org\springframework\spring-jcl\5.3.20\spring-jcl-5.3.20.jar;C:\Users\Second User\.m2\repository\com\google\code\gson\gson\2.9.0\gson-2.9.0.jar
Launcher Type: SUN_STANDARD

[Global flags]
     intx CICompilerCount                          = 2                                         {product} {ergonomic}
     uint ConcGCThreads                            = 1                                         {product} {ergonomic}
     uint G1ConcRefinementThreads                  = 3                                         {product} {ergonomic}
   size_t G1HeapRegionSize                         = 2097152                                   {product} {ergonomic}
    uintx GCDrainStackTargetSize                   = 64                                        {product} {ergonomic}
   size_t InitialHeapSize                          = 167772160                                 {product} {ergonomic}
   size_t MarkStackSize                            = 4194304                                   {product} {ergonomic}
   size_t MaxHeapSize                              = 2684354560                                {product} {ergonomic}
   size_t MaxNewSize                               = 1610612736                                {product} {ergonomic}
   size_t MinHeapDeltaBytes                        = 2097152                                   {product} {ergonomic}
   size_t MinHeapSize                              = 8388608                                   {product} {ergonomic}
    uintx NonNMethodCodeHeapSize                   = 5826188                                {pd product} {ergonomic}
    uintx NonProfiledCodeHeapSize                  = 122916026                              {pd product} {ergonomic}
    uintx ProfiledCodeHeapSize                     = 122916026                              {pd product} {ergonomic}
    uintx ReservedCodeCacheSize                    = 251658240                              {pd product} {ergonomic}
     bool SegmentedCodeCache                       = true                                      {product} {ergonomic}
   size_t SoftMaxHeapSize                          = 2684354560                             {manageable} {ergonomic}
     bool UseCompressedClassPointers               = true                           {product lp64_product} {ergonomic}
     bool UseCompressedOops                        = true                           {product lp64_product} {ergonomic}
     bool UseG1GC                                  = true                                      {product} {ergonomic}
     bool UseLargePagesIndividualAllocation        = false                                  {pd product} {ergonomic}

Logging:
Log output configuration:
 #0: stdout all=warning uptime,level,tags foldmultilines=false
 #1: stderr all=off uptime,level,tags foldmultilines=false

Environment Variables:
PATH=C:\Windows\system32;C:\Windows;C:\Windows\System32\Wbem;C:\Windows\System32\WindowsPowerShell\v1.0\;C:\Windows\System32\OpenSSH\;C:\Program Files (x86)\NVIDIA Corporation\PhysX\Common;C:\Program Files\NVIDIA Corporation\NVIDIA NvDLISR;C:\WINDOWS\system32;C:\WINDOWS;C:\WINDOWS\System32\Wbem;C:\WINDOWS\System32\WindowsPowerShell\v1.0\;C:\WINDOWS\System32\OpenSSH\;C:\Users\Second User\AppData\Local\Microsoft\WindowsApps;
USERNAME=Second User
OS=Windows_NT
PROCESSOR_IDENTIFIER=AMD64 Family 16 Model 5 Stepping 3, AuthenticAMD



---------------  S Y S T E M  ---------------

OS:
 Windows 10 , 64 bit Build 19041 (10.0.19041.1706)
OS uptime: 10 days 20:27 hours

CPU: total 3 (initial active 3) (3 cores per cpu, 1 threads per core) family 16 model 5 stepping 3 microcode 0x0, cx8, cmov, fxsr, mmx, 3dnowpref, sse, sse2, sse3, sse4a, popcnt, lzcnt, tsc, tscinvbit, clflush

Memory: 4k page, system-wide physical 10239M (418M free)
TotalPageFile size 16383M (AvailPageFile size 152M)
current process WorkingSet (physical memory assigned to process): 117M, peak: 117M
current process commit charge ("private bytes"): 274M, peak: 274M

vm_info: OpenJDK 64-Bit Server VM (18.0.1.1+2-6) for windows-amd64 JRE (18.0.1.1+2-6), built on Apr 25 2022 21:50:56 by "mach5one" with MS VC++ 16.8 / 16.9 (VS2019)

END.
